﻿-- logger module started --
main debug: VLC media player - 3.0.6 Vetinari
main debug: Copyright © 1996-2018 the VideoLAN team
main debug: revision 3.0.6-0-g5803e85f73
main debug: configured with ../extras/package/win32/../../../configure  '--enable-update-check' '--enable-lua' '--enable-faad' '--enable-flac' '--enable-theora' '--enable-avcodec' '--enable-merge-ffmpeg' '--enable-dca' '--enable-mpc' '--enable-libass' '--enable-schroedinger' '--enable-realrtsp' '--enable-live555' '--enable-dvdread' '--enable-shout' '--enable-goom' '--enable-caca' '--enable-qt' '--enable-skins2' '--enable-sse' '--enable-mmx' '--enable-libcddb' '--enable-zvbi' '--disable-telx' '--enable-nls' '--host=i686-w64-mingw32' '--with-breakpad=https://win.crashes.videolan.org' 'host_alias=i686-w64-mingw32' 'PKG_CONFIG_LIBDIR=/home/jenkins/workspace/vlc-release/windows/vlc-release-win32-x86/contrib/i686-w64-mingw32/lib/pkgconfig'
main debug: using multimedia timers as clock source
main debug:  min period: 1 ms, max period: 1000000 ms
main debug: searching plug-in modules
main debug: loading plugins cache file C:\Program Files (x86)\VideoLAN\VLC\plugins\plugins.dat
main debug: recursively browsing `C:\Program Files (x86)\VideoLAN\VLC\plugins'
main debug: plug-ins loaded: 494 modules
main debug: looking for logger module matching "any": 2 candidates
file debug: opening logfile `Logs.log'
main debug: using logger module "file"
main debug: translation test: code is "et"
main debug: looking for keystore module matching "memory": 3 candidates
main debug: using keystore module "memory"
main debug: CPU has capabilities MMX MMXEXT SSE SSE2 SSE3 SSSE3 SSE4.1 SSE4.2 FPU 
main debug: creating audio output
main debug: looking for audio output module matching "any": 6 candidates
mmdevice error: cannot initialize COM (error 0x80010106)
directsound debug: found 5 devices
main debug: using audio output module "directsound"
main debug: keeping audio output
main debug: Creating an input for 'Movie.mp4'
main debug: using timeshift granularity of 50 MiB
main debug: using timeshift path: C:\Users\Joose\AppData\Local\Temp
main debug: `file:///D:/Jarvis/Movies/Movie.mp4' gives access `file' demux `any' path `/D:/Jarvis/Movies/Movie.mp4'
main debug: creating demux: access='file' demux='any' location='/D:/Jarvis/Movies/Movie.mp4' file='D:\Jarvis\Movies\Movie.mp4'
main debug: looking for access_demux module matching "file": 15 candidates
main debug: no access_demux modules matched
main debug: creating access: file:///D:/Jarvis/Movies/Movie.mp4
main debug:  (path: D:\Jarvis\Movies\Movie.mp4)
main debug: looking for access module matching "file": 26 candidates
main debug: using access module "filesystem"
main debug: looking for stream_filter module matching "prefetch,cache_read": 24 candidates
cache_read debug: Using stream method for AStream*
cache_read debug: starting pre-buffering
cache_read debug: received first data after 0 ms
cache_read debug: pre-buffering done 1024 bytes in 0s - 1000000 KiB/s
main debug: using stream_filter module "cache_read"
main debug: looking for stream_filter module matching "any": 24 candidates
lua debug: Trying Lua scripts in C:\Users\Joose\AppData\Roaming\vlc\lua\playlist
lua debug: Trying Lua scripts in C:\Program Files (x86)\VideoLAN\VLC\lua\playlist
lua debug: Trying Lua playlist script C:\Program Files (x86)\VideoLAN\VLC\lua\playlist\anevia_streams.luac
lua debug: Trying Lua playlist script C:\Program Files (x86)\VideoLAN\VLC\lua\playlist\anevia_xml.luac
lua debug: Trying Lua playlist script C:\Program Files (x86)\VideoLAN\VLC\lua\playlist\appletrailers.luac
lua debug: Trying Lua playlist script C:\Program Files (x86)\VideoLAN\VLC\lua\playlist\bbc_co_uk.luac
lua debug: Trying Lua playlist script C:\Program Files (x86)\VideoLAN\VLC\lua\playlist\cue.luac
lua debug: Trying Lua playlist script C:\Program Files (x86)\VideoLAN\VLC\lua\playlist\dailymotion.luac
lua debug: Trying Lua playlist script C:\Program Files (x86)\VideoLAN\VLC\lua\playlist\jamendo.luac
lua debug: Trying Lua playlist script C:\Program Files (x86)\VideoLAN\VLC\lua\playlist\koreus.luac
lua debug: Trying Lua playlist script C:\Program Files (x86)\VideoLAN\VLC\lua\playlist\liveleak.luac
lua debug: Trying Lua playlist script C:\Program Files (x86)\VideoLAN\VLC\lua\playlist\newgrounds.luac
lua debug: Trying Lua playlist script C:\Program Files (x86)\VideoLAN\VLC\lua\playlist\rockbox_fm_presets.luac
lua debug: Trying Lua playlist script C:\Program Files (x86)\VideoLAN\VLC\lua\playlist\soundcloud.luac
lua debug: Trying Lua playlist script C:\Program Files (x86)\VideoLAN\VLC\lua\playlist\twitch.luac
lua debug: Trying Lua playlist script C:\Program Files (x86)\VideoLAN\VLC\lua\playlist\vimeo.luac
lua debug: Trying Lua playlist script C:\Program Files (x86)\VideoLAN\VLC\lua\playlist\vocaroo.luac
lua debug: Trying Lua playlist script C:\Program Files (x86)\VideoLAN\VLC\lua\playlist\youtube.luac
main debug: no stream_filter modules matched
main debug: looking for stream_directory module matching "any": 1 candidates
main debug: no stream_directory modules matched
main debug: attachment of directory-extractor failed for file:///D:/Jarvis/Movies/Movie.mp4
main debug: looking for stream_filter module matching "record": 24 candidates
main debug: using stream_filter module "record"
main debug: creating demux: access='file' demux='any' location='/D:/Jarvis/Movies/Movie.mp4' file='D:\Jarvis\Movies\Movie.mp4'
main debug: looking for demux module matching "mp4": 55 candidates
mp4 debug: dumping root Box "root"
mp4 debug: |   + ftyp size 24 offset 0
mp4 debug: |   + moov size 3028839 offset 24
mp4 debug: |   |   + mvhd size 108 offset 32
mp4 debug: |   |   + iods size 21 offset 140
mp4 debug: |   |   + trak size 2168667 offset 161
mp4 debug: |   |   |   + tkhd size 92 offset 169
mp4 debug: |   |   |   + mdia size 2168567 offset 261
mp4 debug: |   |   |   |   + mdhd size 32 offset 269
mp4 debug: |   |   |   |   + hdlr size 33 offset 301
mp4 debug: |   |   |   |   + minf size 2168494 offset 334
mp4 debug: |   |   |   |   |   + vmhd size 20 offset 342
mp4 debug: |   |   |   |   |   + dinf size 36 offset 362
mp4 debug: |   |   |   |   |   |   + dref size 28 offset 370
mp4 debug: |   |   |   |   |   |   |   + url  size 12 offset 386
mp4 debug: |   |   |   |   |   + stbl size 2168430 offset 398
mp4 debug: |   |   |   |   |   |   + stsd size 170 offset 406
mp4 debug: |   |   |   |   |   |   |   + avc1 size 154 offset 422
mp4 debug: |   |   |   |   |   |   |   |   + avcC size 48 offset 508
mp4 debug: |   |   |   |   |   |   |   |   + btrt size 20 offset 556
mp4 debug: |   |   |   |   |   |   + stts size 24 offset 576
mp4 debug: |   |   |   |   |   |   + ctts size 1381192 offset 600
mp4 debug: |   |   |   |   |   |   + stss size 7344 offset 1381792
mp4 debug: |   |   |   |   |   |   + stsc size 52 offset 1389136
mp4 debug: |   |   |   |   |   |   + stsz size 714656 offset 1389188
mp4 debug: |   |   |   |   |   |   + stco size 64984 offset 2103844
mp4 debug: |   |   + trak size 860035 offset 2168828
mp4 debug: |   |   |   + tkhd size 92 offset 2168836
mp4 debug: |   |   |   + mdia size 859935 offset 2168928
mp4 debug: |   |   |   |   + mdhd size 32 offset 2168936
mp4 debug: |   |   |   |   + hdlr size 55 offset 2168968
mp4 debug: |   |   |   |   + minf size 859840 offset 2169023
mp4 debug: |   |   |   |   |   + smhd size 16 offset 2169031
mp4 debug: |   |   |   |   |   + dinf size 36 offset 2169047
mp4 debug: |   |   |   |   |   |   + dref size 28 offset 2169055
mp4 debug: |   |   |   |   |   |   |   + url  size 12 offset 2169071
mp4 debug: |   |   |   |   |   + stbl size 859780 offset 2169083
mp4 debug: |   |   |   |   |   |   + stsd size 96 offset 2169091
mp4 debug: |   |   |   |   |   |   |   + mp4a size 80 offset 2169107
mp4 debug: |   |   |   |   |   |   |   |   + esds size 44 offset 2169143
mp4 debug: |   |   |   |   |   |   + stts size 24 offset 2169187
mp4 debug: |   |   |   |   |   |   + stsc size 96052 offset 2169211
mp4 debug: |   |   |   |   |   |   + stsz size 698620 offset 2265263
mp4 debug: |   |   |   |   |   |   + stco size 64980 offset 2963883
mp4 debug: |   + mdat size 1710846710 offset 3028863
mp4 debug: |   + free size 55 offset 1713875573
mp4 debug: ISO Media (isom) version 1.
mp4 debug: found 2 tracks
mp4 debug: track[Id 0x1] read 16242 chunk
mp4 warning: STTS table of 1 entries
mp4 warning: CTTS table of 172647 entries
mp4 debug: track[Id 0x1] read 178659 samples length:7451s
main debug: selecting program id=0
mp4 debug: adding track[Id 0x1] video (enable) language undef
mp4 debug: track[Id 0x2] read 16241 chunk
mp4 warning: STTS table of 1 entries
mp4 debug: track[Id 0x2] read 174650 samples length:7451s
mp4 debug: adding track[Id 0x2] audio (enable) language undef
main debug: using demux module "mp4"
main debug: looking for a subtitle file in D:\Jarvis\Movies\
main debug: looking for video decoder module matching "any": 19 candidates
avcodec debug: using ffmpeg Lavc58.6.103
avcodec debug: CPU flags: 0x000fd3db
avcodec debug: allowing 6 thread(s) for decoding
avcodec debug: codec (h264) started
avcodec debug: using frame thread mode with 6 threads
main debug: using video decoder module "avcodec"
main debug: looking for audio decoder module matching "any": 23 candidates
main debug: using audio decoder module "faad"
main debug: looking for meta reader module matching "any": 2 candidates
lua debug: Trying Lua scripts in C:\Users\Joose\AppData\Roaming\vlc\lua\meta\reader
lua debug: Trying Lua scripts in C:\Program Files (x86)\VideoLAN\VLC\lua\meta\reader
lua debug: Trying Lua playlist script C:\Program Files (x86)\VideoLAN\VLC\lua\meta\reader\filename.luac
main debug: no meta reader modules matched
main debug: `file:///D:/Jarvis/Movies/Movie.mp4' successfully opened
mp4 debug: track[Id 0x1] using Sync Sample Box (stss)
mp4 debug: stss gives 0 --> 0 (sample number)
main debug: Buffering 0%
main debug: Buffering 83%
avcodec debug: available hardware decoder output format 119 (cuda)
main debug: Stream buffering done (500 ms in 1 ms)
avcodec debug: available hardware decoder output format 53 (dxva2_vld)
avcodec debug: available hardware decoder output format 118 (d3d11va_vld)
avcodec debug: available hardware decoder output format 174 (d3d11)
avcodec debug: available software decoder output format 0 (yuv420p)
avcodec debug: trying format d3d11va_vld
faad warning: decoded zero sample
faad debug: AAC SBR (channels: 2, samplerate: 48000)
main debug: reusing audio output
directsound debug: Opening DirectSound Audio Output
main debug: looking for text renderer module matching "any": 3 candidates
freetype debug: Using DWrite backend
freetype debug: DWrite_GetFamily(): family name: Arial
freetype debug: DWrite_ParseFamily(): using font at index 0 with weight 400 for bold: 0, italic: 0
freetype debug: DWrite_ParseFamily(): using font at index 1 with weight 700 for bold: 1, italic: 0
freetype debug: DWrite_ParseFamily(): using font at index 2 with weight 400 for bold: 0, italic: 1
freetype debug: DWrite_ParseFamily(): using font at index 3 with weight 700 for bold: 1, italic: 1
main debug: using text renderer module "freetype"
main debug: looking for video converter module matching "any": 24 candidates
swscale debug: 32x32 (32x32) chroma: YUVA -> 16x16 (16x16) chroma: RGBA with scaling using Bicubic (good quality)
main debug: using video converter module "swscale"
main debug: looking for video converter module matching "any": 24 candidates
yuvp debug: YUVP to YUVA converter
main debug: using video converter module "yuvp"
main debug: Deinterlacing available
main debug: deinterlace -1, mode auto, is_needed 0
main debug: looking for vout window module matching "any": 3 candidates
main debug: no vout window modules matched
main debug: Opening vout display wrapper
main debug: looking for vout display module matching "any": 12 candidates
direct3d11 debug: creating Vout EventThread
direct3d11 debug: Win32VoutCreateWindow
directsound debug: Windows speaker config: Stereo and stream has 2 channels, using 2 channels
main debug: output 'f32l' 48000 Hz Stereo frame=1 samples/8 bytes
main debug: looking for audio volume module matching "any": 2 candidates
main debug: using audio volume module "float_mixer"
main debug: input 'f32l' 48000 Hz Stereo frame=1 samples/8 bytes
main debug: looking for audio filter module matching "scaletempo": 16 candidates
scaletempo debug: format: 48000 rate, 2 nch, 4 bps, fl32
scaletempo debug: params: 30 stride, 0.200 overlap, 14 search
scaletempo debug: 1.000 scale, 1440.000 stride_in, 1440 stride_out, 1152 standing, 288 overlap, 672 search, 2400 queue, fl32 mode
main debug: using audio filter module "scaletempo"
main debug: conversion: 'f32l'->'f32l' 48000 Hz->48000 Hz Stereo->Stereo
main debug: conversion pipeline complete
main debug: conversion: 'f32l'->'f32l' 48000 Hz->48000 Hz Stereo->Stereo
main debug: conversion pipeline complete
main debug: looking for audio resampler module matching "any": 3 candidates
main debug: using audio resampler module "samplerate"
direct3d11 debug: inclinometer not found. (hr=0x80070490)
direct3d11 debug: created video sub-window
direct3d11 debug: Vout EventThread running
direct3d11 debug: Created the D3D11 device type 1 level b100.
direct3d11 debug: Intel WDDM driver 20.19.15.4835
direct3d11 debug: supports colorspace RGB Rec.709 gamma:22 range:FULL
direct3d11 debug: supports colorspace RGB Rec.709 gamma:22 range:STUDIO
direct3d11 debug: supports colorspace RGB Rec.2020 gamma:22 range:STUDIO
direct3d11 debug: supports colorspace RGB Rec.2020 gamma:22 range:FULL
direct3d11 debug: supports colorspace RGB Rec.2020 gamma:2084 range:FULL
direct3d11 debug: supports colorspace RGB Rec.2020 gamma:2084 range:STUDIO
direct3d11 debug: Output max luminance: 270.0, colorspace RGB Rec.709 gamma:22 range:FULL, bits per pixel 8
direct3d11 debug: using colorspace RGB Rec.709 gamma:22 range:FULL
direct3d11 debug: Using pixel format VA_NV12 for chroma DX11
direct3d11 debug: Direct3D11 resources created
direct3d11 debug: Direct3D11 device adapter successfully initialized
direct3d11 debug: Direct3D11 Open Succeeded
main debug: using vout display module "direct3d11"
direct3d11 debug: D3D11 pool succeed with 40 surfaces (1920x896) context 0x0e54b3e8
main debug: original format sz 1920x816, of (0,0), vsz 1920x816, 4cc DX11, sar 1:1, msk r0x0 g0x0 b0x0
main debug: VoutDisplayEvent 'window state' 0
main debug: VoutDisplayEvent 'window state' 0
main debug: removing module "freetype"
main debug: looking for text renderer module matching "any": 3 candidates
freetype debug: Using DWrite backend
freetype debug: DWrite_GetFamily(): family name: Arial
freetype debug: DWrite_ParseFamily(): using font at index 0 with weight 400 for bold: 0, italic: 0
freetype debug: DWrite_ParseFamily(): using font at index 1 with weight 700 for bold: 1, italic: 0
freetype debug: DWrite_ParseFamily(): using font at index 2 with weight 400 for bold: 0, italic: 1
freetype debug: DWrite_ParseFamily(): using font at index 3 with weight 700 for bold: 1, italic: 1
main debug: VoutDisplayEvent 'resize' 1920x816
main debug: using text renderer module "freetype"
main debug: looking for hw decoder module matching "any": 2 candidates
d3d11va debug: Intel WDDM driver 20.19.15.4835
d3d11va debug: Reusing Direct3D11 device
d3d11va debug: CreateDevice succeed
d3d11va debug: - 'MPEG-2 variable-length decoder' is supported
d3d11va debug: - 'MPEG-2 inverse discrete cosine transform' is supported
d3d11va debug: - 'VC-1 variable-length decoder' is supported
d3d11va debug: - 'VC-1 variable-length decoder 2 (Intel)' is supported
d3d11va debug: - 'VC-1 variable-length decoder (Intel)' is supported
d3d11va debug: - 'Windows Media Video 9 IDCT' is supported
d3d11va debug: - 'VC-1 inverse discrete cosine transform' is supp﻿-- logger module started --
main debug: VLC media player - 3.0.6 Vetinari
main debug: Copyright © 1996-2018 the VideoLAN team
main debug: revision 3.0.6-0-g5803e85f73
main debug: configured with ../extras/package/win32/../../../configure  '--enable-update-check' '--enable-lua' '--enable-faad' '--enable-flac' '--enable-theora' '--enable-avcodec' '--enable-merge-ffmpeg' '--enable-dca' '--enable-mpc' '--enable-libass' '--enable-schroedinger' '--enable-realrtsp' '--enable-live555' '--enable-dvdread' '--enable-shout' '--enable-goom' '--enable-caca' '--enable-qt' '--enable-skins2' '--enable-sse' '--enable-mmx' '--enable-libcddb' '--enable-zvbi' '--disable-telx' '--enable-nls' '--host=i686-w64-mingw32' '--with-breakpad=https://win.crashes.videolan.org' 'host_alias=i686-w64-mingw32' 'PKG_CONFIG_LIBDIR=/home/jenkins/workspace/vlc-release/windows/vlc-release-win32-x86/contrib/i686-w64-mingw32/lib/pkgconfig'
main debug: using multimedia timers as clock source
main debug:  min period: 1 ms, max period: 1000000 ms
main debug: searching plug-in modules
main debug: loading plugins cache file C:\Program Files (x86)\VideoLAN\VLC\plugins\plugins.dat
main debug: recursively browsing `C:\Program Files (x86)\VideoLAN\VLC\plugins'
main debug: plug-ins loaded: 494 modules
main debug: looking for logger module matching "any": 2 candidates
file debug: opening logfile `Logs.log'
main debug: using logger module "file"
main debug: translation test: code is "et"
main debug: looking for keystore module matching "memory": 3 candidates
main debug: using keystore module "memory"
main debug: CPU has capabilities MMX MMXEXT SSE SSE2 SSE3 SSSE3 SSE4.1 SSE4.2 FPU 
main debug: creating audio output
main debug: looking for audio output module matching "any": 6 candidates
mmdevice error: cannot initialize COM (error 0x80010106)
directsound debug: found 5 devices
main debug: using audio output module "directsound"
main debug: keeping audio output
main debug: Creating an input for 'CaptainAmericaFirstAvenger.mp4'
main debug: using timeshift granularity of 50 MiB
main debug: using timeshift path: C:\Users\Joose\AppData\Local\Temp
main debug: `file:///D:/Jarvis/Movies/CaptainAmericaTheFirstAvenger/CaptainAmericaFirstAvenger.mp4' gives access `file' demux `any' path `/D:/Jarvis/Movies/CaptainAmericaTheFirstAvenger/CaptainAmericaFirstAvenger.mp4'
main debug: creating demux: access='file' demux='any' location='/D:/Jarvis/Movies/CaptainAmericaTheFirstAvenger/CaptainAmericaFirstAvenger.mp4' file='D:\Jarvis\Movies\CaptainAmericaTheFirstAvenger\CaptainAmericaFirstAvenger.mp4'
main debug: looking for access_demux module matching "file": 15 candidates
main debug: no access_demux modules matched
main debug: creating access: file:///D:/Jarvis/Movies/CaptainAmericaTheFirstAvenger/CaptainAmericaFirstAvenger.mp4
main debug:  (path: D:\Jarvis\Movies\CaptainAmericaTheFirstAvenger\CaptainAmericaFirstAvenger.mp4)
main debug: looking for access module matching "file": 26 candidates
main debug: using access module "filesystem"
main debug: looking for stream_filter module matching "prefetch,cache_read": 24 candidates
cache_read debug: Using stream method for AStream*
cache_read debug: starting pre-buffering
cache_read debug: received first data after 1 ms
cache_read debug: pre-buffering done 1024 bytes in 0s - 999 KiB/s
main debug: using stream_filter module "cache_read"
main debug: looking for stream_filter module matching "any": 24 candidates
lua debug: Trying Lua scripts in C:\Users\Joose\AppData\Roaming\vlc\lua\playlist
lua debug: Trying Lua scripts in C:\Program Files (x86)\VideoLAN\VLC\lua\playlist
lua debug: Trying Lua playlist script C:\Program Files (x86)\VideoLAN\VLC\lua\playlist\anevia_streams.luac
lua debug: Trying Lua playlist script C:\Program Files (x86)\VideoLAN\VLC\lua\playlist\anevia_xml.luac
lua debug: Trying Lua playlist script C:\Program Files (x86)\VideoLAN\VLC\lua\playlist\appletrailers.luac
lua debug: Trying Lua playlist script C:\Program Files (x86)\VideoLAN\VLC\lua\playlist\bbc_co_uk.luac
lua debug: Trying Lua playlist script C:\Program Files (x86)\VideoLAN\VLC\lua\playlist\cue.luac
lua debug: Trying Lua playlist script C:\Program Files (x86)\VideoLAN\VLC\lua\playlist\dailymotion.luac
lua debug: Trying Lua playlist script C:\Program Files (x86)\VideoLAN\VLC\lua\playlist\jamendo.luac
lua debug: Trying Lua playlist script C:\Program Files (x86)\VideoLAN\VLC\lua\playlist\koreus.luac
lua debug: Trying Lua playlist script C:\Program Files (x86)\VideoLAN\VLC\lua\playlist\liveleak.luac
lua debug: Trying Lua playlist script C:\Program Files (x86)\VideoLAN\VLC\lua\playlist\newgrounds.luac
lua debug: Trying Lua playlist script C:\Program Files (x86)\VideoLAN\VLC\lua\playlist\rockbox_fm_presets.luac
lua debug: Trying Lua playlist script C:\Program Files (x86)\VideoLAN\VLC\lua\playlist\soundcloud.luac
lua debug: Trying Lua playlist script C:\Program Files (x86)\VideoLAN\VLC\lua\playlist\twitch.luac
lua debug: Trying Lua playlist script C:\Program Files (x86)\VideoLAN\VLC\lua\playlist\vimeo.luac
lua debug: Trying Lua playlist script C:\Program Files (x86)\VideoLAN\VLC\lua\playlist\vocaroo.luac
lua debug: Trying Lua playlist script C:\Program Files (x86)\VideoLAN\VLC\lua\playlist\youtube.luac
main debug: no stream_filter modules matched
main debug: looking for stream_directory module matching "any": 1 candidates
main debug: no stream_directory modules matched
main debug: attachment of directory-extractor failed for file:///D:/Jarvis/Movies/CaptainAmericaTheFirstAvenger/CaptainAmericaFirstAvenger.mp4
main debug: looking for stream_filter module matching "record": 24 candidates
main debug: using stream_filter module "record"
main debug: creating demux: access='file' demux='any' location='/D:/Jarvis/Movies/CaptainAmericaTheFirstAvenger/CaptainAmericaFirstAvenger.mp4' file='D:\Jarvis\Movies\CaptainAmericaTheFirstAvenger\CaptainAmericaFirstAvenger.mp4'
main debug: looking for demux module matching "mp4": 55 candidates
mp4 debug: dumping root Box "root"
mp4 debug: |   + ftyp size 24 offset 0
mp4 debug: |   + moov size 3028839 offset 24
mp4 debug: |   |   + mvhd size 108 offset 32
mp4 debug: |   |   + iods size 21 offset 140
mp4 debug: |   |   + trak size 2168667 offset 161
mp4 debug: |   |   |   + tkhd size 92 offset 169
mp4 debug: |   |   |   + mdia size 2168567 offset 261
mp4 debug: |   |   |   |   + mdhd size 32 offset 269
mp4 debug: |   |   |   |   + hdlr size 33 offset 301
mp4 debug: |   |   |   |   + minf size 2168494 offset 334
mp4 debug: |   |   |   |   |   + vmhd size 20 offset 342
mp4 debug: |   |   |   |   |   + dinf size 36 offset 362
mp4 debug: |   |   |   |   |   |   + dref size 28 offset 370
mp4 debug: |   |   |   |   |   |   |   + url  size 12 offset 386
mp4 debug: |   |   |   |   |   + stbl size 2168430 offset 398
mp4 debug: |   |   |   |   |   |   + stsd size 170 offset 406
mp4 debug: |   |   |   |   |   |   |   + avc1 size 154 offset 422
mp4 debug: |   |   |   |   |   |   |   |   + avcC size 48 offset 508
mp4 debug: |   |   |   |   |   |   |   |   + btrt size 20 offset 556
mp4 debug: |   |   |   |   |   |   + stts size 24 offset 576
mp4 debug: |   |   |   |   |   |   + ctts size 1381192 offset 600
mp4 debug: |   |   |   |   |   |   + stss size 7344 offset 1381792
mp4 debug: |   |   |   |   |   |   + stsc size 52 offset 1389136
mp4 debug: |   |   |   |   |   |   + stsz size 714656 offset 1389188
mp4 debug: |   |   |   |   |   |   + stco size 64984 offset 2103844
mp4 debug: |   |   + trak size 860035 offset 2168828
mp4 debug: |   |   |   + tkhd size 92 offset 2168836
mp4 debug: |   |   |   + mdia size 859935 offset 2168928
mp4 debug: |   |   |   |   + mdhd size 32 offset 2168936
mp4 debug: |   |   |   |   + hdlr size 55 offset 2168968
mp4 debug: |   |   |   |   + minf size 859840 offset 2169023
mp4 debug: |   |   |   |   |   + smhd size 16 offset 2169031
mp4 debug: |   |   |   |   |   + dinf size 36 offset 2169047
mp4 debug: |   |   |   |   |   |   + dref size 28 offset 2169055
mp4 debug: |   |   |   |   |   |   |   + url  size 12 offset 2169071
mp4 debug: |   |   |   |   |   + stbl size 859780 offset 2169083
mp4 debug: |   |   |   |   |   |   + stsd size 96 offset 2169091
mp4 debug: |   |   |   |   |   |   |   + mp4a size 80 offset 2169107
mp4 debug: |   |   |   |   |   |   |   |   + esds size 44 offset 2169143
mp4 debug: |   |   |   |   |   |   + stts size 24 offset 2169187
mp4 debug: |   |   |   |   |   |   + stsc size 96052 offset 2169211
mp4 debug: |   |   |   |   |   |   + stsz size 698620 offset 2265263
mp4 debug: |   |   |   |   |   |   + stco size 64980 offset 2963883
mp4 debug: |   + mdat size 1710846710 offset 3028863
mp4 debug: |   + free size 55 offset 1713875573
mp4 debug: ISO Media (isom) version 1.
mp4 debug: found 2 tracks
mp4 debug: track[Id 0x1] read 16242 chunk
mp4 warning: STTS table of 1 entries
mp4 warning: CTTS table of 172647 entries
mp4 debug: track[Id 0x1] read 178659 samples length:7451s
main debug: selecting program id=0
mp4 debug: adding track[Id 0x1] video (enable) language undef
mp4 debug: track[Id 0x2] read 16241 chunk
mp4 warning: STTS table of 1 entries
mp4 debug: track[Id 0x2] read 174650 samples length:7451s
mp4 debug: adding track[Id 0x2] audio (enable) language undef
main debug: using demux module "mp4"
main debug: looking for a subtitle file in D:\Jarvis\Movies\CaptainAmericaTheFirstAvenger\
main debug: looking for video decoder module matching "any": 19 candidates
avcodec debug: using ffmpeg Lavc58.6.103
avcodec debug: CPU flags: 0x000fd3db
avcodec debug: allowing 6 thread(s) for decoding
avcodec debug: codec (h264) started
avcodec debug: using frame thread mode with 6 threads
main debug: using video decoder module "avcodec"
main debug: looking for audio decoder module matching "any": 23 candidates
main debug: using audio decoder module "faad"
main debug: looking for meta reader module matching "any": 2 candidates
lua debug: Trying Lua scripts in C:\Users\Joose\AppData\Roaming\vlc\lua\meta\reader
lua debug: Trying Lua scripts in C:\Program Files (x86)\VideoLAN\VLC\lua\meta\reader
lua debug: Trying Lua playlist script C:\Program Files (x86)\VideoLAN\VLC\lua\meta\reader\filename.luac
main debug: no meta reader modules matched
main debug: `file:///D:/Jarvis/Movies/CaptainAmericaTheFirstAvenger/CaptainAmericaFirstAvenger.mp4' successfully opened
mp4 debug: track[Id 0x1] using Sync Sample Box (stss)
mp4 debug: stss gives 0 --> 0 (sample number)
main debug: Buffering 0%
main debug: Buffering 83%
avcodec debug: available hardware decoder output format 119 (cuda)
avcodec debug: available hardware decoder output format 53 (dxva2_vld)
avcodec debug: available hardware decoder output format 118 (d3d11va_vld)
avcodec debug: available hardware decoder output format 174 (d3d11)
avcodec debug: available software decoder output format 0 (yuv420p)
avcodec debug: trying format d3d11va_vld
faad warning: decoded zero sample
main debug: Stream buffering done (500 ms in 2 ms)
faad debug: AAC SBR (channels: 2, samplerate: 48000)
main debug: reusing audio output
directsound debug: Opening DirectSound Audio Output
main debug: looking for text renderer module matching "any": 3 candidates
freetype debug: Using DWrite backend
freetype debug: DWrite_GetFamily(): family name: Arial
freetype debug: DWrite_ParseFamily(): using font at index 0 with weight 400 for bold: 0, italic: 0
freetype debug: DWrite_ParseFamily(): using font at index 1 with weight 700 for bold: 1, italic: 0
freetype debug: DWrite_ParseFamily(): using font at index 2 with weight 400 for bold: 0, italic: 1
freetype debug: DWrite_ParseFamily(): using font at index 3 with weight 700 for bold: 1, italic: 1
main debug: using text renderer module "freetype"
main debug: looking for video converter module matching "any": 24 candidates
swscale debug: 32x32 (32x32) chroma: YUVA -> 16x16 (16x16) chroma: RGBA with scaling using Bicubic (good quality)
main debug: using video converter module "swscale"
main debug: looking for video converter module matching "any": 24 candidates
yuvp debug: YUVP to YUVA converter
main debug: using video converter module "yuvp"
main debug: Deinterlacing available
main debug: deinterlace -1, mode auto, is_needed 0
main debug: looking for vout window module matching "any": 3 candidates
main debug: no vout window modules matched
main debug: Opening vout display wrapper
main debug: looking for vout display module matching "any": 12 candidates
direct3d11 debug: creating Vout EventThread
directsound debug: Windows speaker config: Stereo and stream has 2 channels, using 2 channels
main debug: output 'f32l' 48000 Hz Stereo frame=1 samples/8 bytes
main debug: looking for audio volume module matching "any": 2 candidates
direct3d11 debug: Win32VoutCreateWindow
main debug: using audio volume module "float_mixer"
main debug: input 'f32l' 48000 Hz Stereo frame=1 samples/8 bytes
main debug: looking for audio filter module matching "scaletempo": 16 candidates
scaletempo debug: format: 48000 rate, 2 nch, 4 bps, fl32
scaletempo debug: params: 30 stride, 0.200 overlap, 14 search
scaletempo debug: 1.000 scale, 1440.000 stride_in, 1440 stride_out, 1152 standing, 288 overlap, 672 search, 2400 queue, fl32 mode
main debug: using audio filter module "scaletempo"
main debug: conversion: 'f32l'->'f32l' 48000 Hz->48000 Hz Stereo->Stereo
main debug: conversion pipeline complete
main debug: conversion: 'f32l'->'f32l' 48000 Hz->48000 Hz Stereo->Stereo
main debug: conversion pipeline complete
main debug: looking for audio resampler module matching "any": 3 candidates
main debug: using audio resampler module "samplerate"
direct3d11 debug: inclinometer not found. (hr=0x80070490)
direct3d11 debug: created video sub-window
direct3d11 debug: Vout EventThread running
direct3d11 debug: Created the D3D11 device type 1 level b100.
direct3d11 debug: Intel WDDM driver 20.19.15.4835
direct3d11 debug: supports colorspace RGB Rec.709 gamma:22 range:FULL
direct3d11 debug: supports colorspace RGB Rec.709 gamma:22 range:STUDIO
direct3d11 debug: supports colorspace RGB Rec.2020 gamma:22 range:STUDIO
direct3d11 debug: supports colorspace RGB Rec.2020 gamma:22 range:FULL
direct3d11 debug: supports colorspace RGB Rec.2020 gamma:2084 range:FULL
direct3d11 debug: supports colorspace RGB Rec.2020 gamma:2084 range:STUDIO
direct3d11 debug: Output max luminance: 270.0, colorspace RGB Rec.709 gamma:22 range:FULL, bits per pixel 8
direct3d11 debug: using colorspace RGB Rec.709 gamma:22 range:FULL
direct3d11 debug: Using pixel format VA_NV12 for chroma DX11
direct3d11 debug: Direct3D11 resources created
direct3d11 debug: Direct3D11 device adapter successfully initialized
direct3d11 debug: Direct3D11 Open Succeeded
main debug: using vout display module "direct3d11"
direct3d11 debug: D3D11 pool succeed with 40 surfaces (1920x896) context 0x0dbaed28
main debug: original format sz 1920x816, of (0,0), vsz 1920x816, 4cc DX11, sar 1:1, msk r0x0 g0x0 b0x0
main debug: VoutDisplayEvent 'window state' 0
main debug: VoutDisplayEvent 'window state' 0
main debug: removing module "freetype"
main debug: looking for text renderer module matching "any": 3 candidates
freetype debug: Using DWrite backend
freetype debug: DWrite_GetFamily(): family name: Arial
freetype debug: DWrite_ParseFamily(): using font at index 0 with weight 400 for bold: 0, italic: 0
freetype debug: DWrite_ParseFamily(): using font at index 1 with weight 700 for bold: 1, italic: 0
freetype debug: DWrite_ParseFamily(): using font at index 2 with weight 400 for bold: 0, italic: 1
freetype debug: DWrite_ParseFamily(): using font at index 3 with weight 700 for bold: 1, italic: 1
main debug: VoutDisplayEvent 'resize' 1920x816
main debug: using text renderer module "freetype"
main debug: looking for hw decoder module matching "any": 2 candidates
d3d11va debug: Intel WDDM driver 20.19.15.4835
d3d11va debug: Reusing Direct3D11 device
d3d11va debug: CreateDevice succeed
d3d11va debug: - 'MPEG-2 variable-length decoder' is supported
d3d11va debug: - 'MPEG-2 inverse discrete cosine transform' is supported
d3d11va debug: - 'VC-1 variable-length decoder' is supported
d3d11va debug: - 'VC-1 variable-length decoder 2 (Intel)' is supported
d3d11va debug: - 'VC-1 variable-length decoder (Intel)' is supported
d3d11va debug: - 'Windows Media Video 9 IDCT' is supported
d3d11va debug: - 'VC-1 inverse discrete cosine transform' is supporte﻿-- logger module started --
main debug: VLC media player - 3.0.6 Vetinari
main debug: Copyright © 1996-2018 the VideoLAN team
main debug: revision 3.0.6-0-g5803e85f73
main debug: configured with ../extras/package/win32/../../../configure  '--enable-update-check' '--enable-lua' '--enable-faad' '--enable-flac' '--enable-theora' '--enable-avcodec' '--enable-merge-ffmpeg' '--enable-dca' '--enable-mpc' '--enable-libass' '--enable-schroedinger' '--enable-realrtsp' '--enable-live555' '--enable-dvdread' '--enable-shout' '--enable-goom' '--enable-caca' '--enable-qt' '--enable-skins2' '--enable-sse' '--enable-mmx' '--enable-libcddb' '--enable-zvbi' '--disable-telx' '--enable-nls' '--host=i686-w64-mingw32' '--with-breakpad=https://win.crashes.videolan.org' 'host_alias=i686-w64-mingw32' 'PKG_CONFIG_LIBDIR=/home/jenkins/workspace/vlc-release/windows/vlc-release-win32-x86/contrib/i686-w64-mingw32/lib/pkgconfig'
main debug: using multimedia timers as clock source
main debug:  min period: 1 ms, max period: 1000000 ms
main debug: searching plug-in modules
main debug: loading plugins cache file C:\Program Files (x86)\VideoLAN\VLC\plugins\plugins.dat
main debug: recursively browsing `C:\Program Files (x86)\VideoLAN\VLC\plugins'
main debug: plug-ins loaded: 494 modules
main debug: looking for logger module matching "any": 2 candidates
file debug: opening logfile `Logs.log'
main debug: using logger module "file"
main debug: translation test: code is "et"
main debug: looking for keystore module matching "memory": 3 candidates
main debug: using keystore module "memory"
main debug: CPU has capabilities MMX MMXEXT SSE SSE2 SSE3 SSSE3 SSE4.1 SSE4.2 FPU 
main debug: creating audio output
main debug: looking for audio output module matching "any": 6 candidates
mmdevice error: cannot initialize COM (error 0x80010106)
directsound debug: found 5 devices
main debug: using audio output module "directsound"
main debug: keeping audio output
main debug: Creating an input for 'CaptainAmericaFirstAvenger.mp4'
main debug: using timeshift granularity of 50 MiB
main debug: using timeshift path: C:\Users\Joose\AppData\Local\Temp
main debug: `file:///D:/Jarvis/Movies/CaptainAmericaTheFirstAvenger/CaptainAmericaFirstAvenger.mp4' gives access `file' demux `any' path `/D:/Jarvis/Movies/CaptainAmericaTheFirstAvenger/CaptainAmericaFirstAvenger.mp4'
main debug: creating demux: access='file' demux='any' location='/D:/Jarvis/Movies/CaptainAmericaTheFirstAvenger/CaptainAmericaFirstAvenger.mp4' file='D:\Jarvis\Movies\CaptainAmericaTheFirstAvenger\CaptainAmericaFirstAvenger.mp4'
main debug: looking for access_demux module matching "file": 15 candidates
main debug: no access_demux modules matched
main debug: creating access: file:///D:/Jarvis/Movies/CaptainAmericaTheFirstAvenger/CaptainAmericaFirstAvenger.mp4
main debug:  (path: D:\Jarvis\Movies\CaptainAmericaTheFirstAvenger\CaptainAmericaFirstAvenger.mp4)
main debug: looking for access module matching "file": 26 candidates
main debug: using access module "filesystem"
main debug: looking for stream_filter module matching "prefetch,cache_read": 24 candidates
cache_read debug: Using stream method for AStream*
cache_read debug: starting pre-buffering
cache_read debug: received first data after 0 ms
cache_read debug: pre-buffering done 1024 bytes in 0s - 1000000 KiB/s
main debug: using stream_filter module "cache_read"
main debug: looking for stream_filter module matching "any": 24 candidates
lua debug: Trying Lua scripts in C:\Users\Joose\AppData\Roaming\vlc\lua\playlist
lua debug: Trying Lua scripts in C:\Program Files (x86)\VideoLAN\VLC\lua\playlist
lua debug: Trying Lua playlist script C:\Program Files (x86)\VideoLAN\VLC\lua\playlist\anevia_streams.luac
lua debug: Trying Lua playlist script C:\Program Files (x86)\VideoLAN\VLC\lua\playlist\anevia_xml.luac
lua debug: Trying Lua playlist script C:\Program Files (x86)\VideoLAN\VLC\lua\playlist\appletrailers.luac
lua debug: Trying Lua playlist script C:\Program Files (x86)\VideoLAN\VLC\lua\playlist\bbc_co_uk.luac
lua debug: Trying Lua playlist script C:\Program Files (x86)\VideoLAN\VLC\lua\playlist\cue.luac
lua debug: Trying Lua playlist script C:\Program Files (x86)\VideoLAN\VLC\lua\playlist\dailymotion.luac
lua debug: Trying Lua playlist script C:\Program Files (x86)\VideoLAN\VLC\lua\playlist\jamendo.luac
lua debug: Trying Lua playlist script C:\Program Files (x86)\VideoLAN\VLC\lua\playlist\koreus.luac
lua debug: Trying Lua playlist script C:\Program Files (x86)\VideoLAN\VLC\lua\playlist\liveleak.luac
lua debug: Trying Lua playlist script C:\Program Files (x86)\VideoLAN\VLC\lua\playlist\newgrounds.luac
lua debug: Trying Lua playlist script C:\Program Files (x86)\VideoLAN\VLC\lua\playlist\rockbox_fm_presets.luac
lua debug: Trying Lua playlist script C:\Program Files (x86)\VideoLAN\VLC\lua\playlist\soundcloud.luac
lua debug: Trying Lua playlist script C:\Program Files (x86)\VideoLAN\VLC\lua\playlist\twitch.luac
lua debug: Trying Lua playlist script C:\Program Files (x86)\VideoLAN\VLC\lua\playlist\vimeo.luac
lua debug: Trying Lua playlist script C:\Program Files (x86)\VideoLAN\VLC\lua\playlist\vocaroo.luac
lua debug: Trying Lua playlist script C:\Program Files (x86)\VideoLAN\VLC\lua\playlist\youtube.luac
main debug: no stream_filter modules matched
main debug: looking for stream_directory module matching "any": 1 candidates
main debug: no stream_directory modules matched
main debug: attachment of directory-extractor failed for file:///D:/Jarvis/Movies/CaptainAmericaTheFirstAvenger/CaptainAmericaFirstAvenger.mp4
main debug: looking for stream_filter module matching "record": 24 candidates
main debug: using stream_filter module "record"
main debug: creating demux: access='file' demux='any' location='/D:/Jarvis/Movies/CaptainAmericaTheFirstAvenger/CaptainAmericaFirstAvenger.mp4' file='D:\Jarvis\Movies\CaptainAmericaTheFirstAvenger\CaptainAmericaFirstAvenger.mp4'
main debug: looking for demux module matching "mp4": 55 candidates
mp4 debug: dumping root Box "root"
mp4 debug: |   + ftyp size 24 offset 0
mp4 debug: |   + moov size 3028839 offset 24
mp4 debug: |   |   + mvhd size 108 offset 32
mp4 debug: |   |   + iods size 21 offset 140
mp4 debug: |   |   + trak size 2168667 offset 161
mp4 debug: |   |   |   + tkhd size 92 offset 169
mp4 debug: |   |   |   + mdia size 2168567 offset 261
mp4 debug: |   |   |   |   + mdhd size 32 offset 269
mp4 debug: |   |   |   |   + hdlr size 33 offset 301
mp4 debug: |   |   |   |   + minf size 2168494 offset 334
mp4 debug: |   |   |   |   |   + vmhd size 20 offset 342
mp4 debug: |   |   |   |   |   + dinf size 36 offset 362
mp4 debug: |   |   |   |   |   |   + dref size 28 offset 370
mp4 debug: |   |   |   |   |   |   |   + url  size 12 offset 386
mp4 debug: |   |   |   |   |   + stbl size 2168430 offset 398
mp4 debug: |   |   |   |   |   |   + stsd size 170 offset 406
mp4 debug: |   |   |   |   |   |   |   + avc1 size 154 offset 422
mp4 debug: |   |   |   |   |   |   |   |   + avcC size 48 offset 508
mp4 debug: |   |   |   |   |   |   |   |   + btrt size 20 offset 556
mp4 debug: |   |   |   |   |   |   + stts size 24 offset 576
mp4 debug: |   |   |   |   |   |   + ctts size 1381192 offset 600
mp4 debug: |   |   |   |   |   |   + stss size 7344 offset 1381792
mp4 debug: |   |   |   |   |   |   + stsc size 52 offset 1389136
mp4 debug: |   |   |   |   |   |   + stsz size 714656 offset 1389188
mp4 debug: |   |   |   |   |   |   + stco size 64984 offset 2103844
mp4 debug: |   |   + trak size 860035 offset 2168828
mp4 debug: |   |   |   + tkhd size 92 offset 2168836
mp4 debug: |   |   |   + mdia size 859935 offset 2168928
mp4 debug: |   |   |   |   + mdhd size 32 offset 2168936
mp4 debug: |   |   |   |   + hdlr size 55 offset 2168968
mp4 debug: |   |   |   |   + minf size 859840 offset 2169023
mp4 debug: |   |   |   |   |   + smhd size 16 offset 2169031
mp4 debug: |   |   |   |   |   + dinf size 36 offset 2169047
mp4 debug: |   |   |   |   |   |   + dref size 28 offset 2169055
mp4 debug: |   |   |   |   |   |   |   + url  size 12 offset 2169071
mp4 debug: |   |   |   |   |   + stbl size 859780 offset 2169083
mp4 debug: |   |   |   |   |   |   + stsd size 96 offset 2169091
mp4 debug: |   |   |   |   |   |   |   + mp4a size 80 offset 2169107
mp4 debug: |   |   |   |   |   |   |   |   + esds size 44 offset 2169143
mp4 debug: |   |   |   |   |   |   + stts size 24 offset 2169187
mp4 debug: |   |   |   |   |   |   + stsc size 96052 offset 2169211
mp4 debug: |   |   |   |   |   |   + stsz size 698620 offset 2265263
mp4 debug: |   |   |   |   |   |   + stco size 64980 offset 2963883
mp4 debug: |   + mdat size 1710846710 offset 3028863
mp4 debug: |   + free size 55 offset 1713875573
mp4 debug: ISO Media (isom) version 1.
mp4 debug: found 2 tracks
mp4 debug: track[Id 0x1] read 16242 chunk
mp4 warning: STTS table of 1 entries
mp4 warning: CTTS table of 172647 entries
mp4 debug: track[Id 0x1] read 178659 samples length:7451s
main debug: selecting program id=0
mp4 debug: adding track[Id 0x1] video (enable) language undef
mp4 debug: track[Id 0x2] read 16241 chunk
mp4 warning: STTS table of 1 entries
mp4 debug: track[Id 0x2] read 174650 samples length:7451s
mp4 debug: adding track[Id 0x2] audio (enable) language undef
main debug: using demux module "mp4"
main debug: looking for a subtitle file in D:\Jarvis\Movies\CaptainAmericaTheFirstAvenger\
main debug: looking for video decoder module matching "any": 19 candidates
avcodec debug: using ffmpeg Lavc58.6.103
avcodec debug: CPU flags: 0x000fd3db
avcodec debug: allowing 6 thread(s) for decoding
avcodec debug: codec (h264) started
avcodec debug: using frame thread mode with 6 threads
main debug: using video decoder module "avcodec"
main debug: looking for audio decoder module matching "any": 23 candidates
main debug: using audio decoder module "faad"
main debug: looking for meta reader module matching "any": 2 candidates
lua debug: Trying Lua scripts in C:\Users\Joose\AppData\Roaming\vlc\lua\meta\reader
lua debug: Trying Lua scripts in C:\Program Files (x86)\VideoLAN\VLC\lua\meta\reader
lua debug: Trying Lua playlist script C:\Program Files (x86)\VideoLAN\VLC\lua\meta\reader\filename.luac
main debug: no meta reader modules matched
main debug: `file:///D:/Jarvis/Movies/CaptainAmericaTheFirstAvenger/CaptainAmericaFirstAvenger.mp4' successfully opened
mp4 debug: track[Id 0x1] using Sync Sample Box (stss)
mp4 debug: stss gives 0 --> 0 (sample number)
main debug: Buffering 0%
main debug: Buffering 83%
main debug: Stream buffering done (500 ms in 0 ms)
avcodec debug: available hardware decoder output format 119 (cuda)
faad warning: decoded zero sample
avcodec debug: available hardware decoder output format 53 (dxva2_vld)
avcodec debug: available hardware decoder output format 118 (d3d11va_vld)
avcodec debug: available hardware decoder output format 174 (d3d11)
avcodec debug: available software decoder output format 0 (yuv420p)
avcodec debug: trying format d3d11va_vld
faad debug: AAC SBR (channels: 2, samplerate: 48000)
main debug: reusing audio output
directsound debug: Opening DirectSound Audio Output
main debug: looking for text renderer module matching "any": 3 candidates
freetype debug: Using DWrite backend
freetype debug: DWrite_GetFamily(): family name: Arial
freetype debug: DWrite_ParseFamily(): using font at index 0 with weight 400 for bold: 0, italic: 0
freetype debug: DWrite_ParseFamily(): using font at index 1 with weight 700 for bold: 1, italic: 0
freetype debug: DWrite_ParseFamily(): using font at index 2 with weight 400 for bold: 0, italic: 1
freetype debug: DWrite_ParseFamily(): using font at index 3 with weight 700 for bold: 1, italic: 1
main debug: using text renderer module "freetype"
main debug: looking for video converter module matching "any": 24 candidates
swscale debug: 32x32 (32x32) chroma: YUVA -> 16x16 (16x16) chroma: RGBA with scaling using Bicubic (good quality)
main debug: using video converter module "swscale"
main debug: looking for video converter module matching "any": 24 candidates
yuvp debug: YUVP to YUVA converter
main debug: using video converter module "yuvp"
main debug: Deinterlacing available
main debug: deinterlace -1, mode auto, is_needed 0
main debug: looking for vout window module matching "any": 3 candidates
main debug: no vout window modules matched
main debug: Opening vout display wrapper
main debug: looking for vout display module matching "any": 12 candidates
direct3d11 debug: creating Vout EventThread
directsound debug: Windows speaker config: Stereo and stream has 2 channels, using 2 channels
direct3d11 debug: Win32VoutCreateWindow
main debug: output 'f32l' 48000 Hz Stereo frame=1 samples/8 bytes
main debug: looking for audio volume module matching "any": 2 candidates
main debug: using audio volume module "float_mixer"
main debug: input 'f32l' 48000 Hz Stereo frame=1 samples/8 bytes
main debug: looking for audio filter module matching "scaletempo": 16 candidates
scaletempo debug: format: 48000 rate, 2 nch, 4 bps, fl32
scaletempo debug: params: 30 stride, 0.200 overlap, 14 search
scaletempo debug: 1.000 scale, 1440.000 stride_in, 1440 stride_out, 1152 standing, 288 overlap, 672 search, 2400 queue, fl32 mode
main debug: using audio filter module "scaletempo"
main debug: conversion: 'f32l'->'f32l' 48000 Hz->48000 Hz Stereo->Stereo
main debug: conversion pipeline complete
main debug: conversion: 'f32l'->'f32l' 48000 Hz->48000 Hz Stereo->Stereo
main debug: conversion pipeline complete
main debug: looking for audio resampler module matching "any": 3 candidates
main debug: using audio resampler module "samplerate"
direct3d11 debug: inclinometer not found. (hr=0x80070490)
direct3d11 debug: created video sub-window
direct3d11 debug: Vout EventThread running
direct3d11 debug: Created the D3D11 device type 1 level b100.
direct3d11 debug: Intel WDDM driver 20.19.15.4835
direct3d11 debug: supports colorspace RGB Rec.709 gamma:22 range:FULL
direct3d11 debug: supports colorspace RGB Rec.709 gamma:22 range:STUDIO
direct3d11 debug: supports colorspace RGB Rec.2020 gamma:22 range:STUDIO
direct3d11 debug: supports colorspace RGB Rec.2020 gamma:22 range:FULL
direct3d11 debug: supports colorspace RGB Rec.2020 gamma:2084 range:FULL
direct3d11 debug: supports colorspace RGB Rec.2020 gamma:2084 range:STUDIO
direct3d11 debug: Output max luminance: 270.0, colorspace RGB Rec.709 gamma:22 range:FULL, bits per pixel 8
direct3d11 debug: using colorspace RGB Rec.709 gamma:22 range:FULL
direct3d11 debug: Using pixel format VA_NV12 for chroma DX11
direct3d11 debug: Direct3D11 resources created
direct3d11 debug: Direct3D11 device adapter successfully initialized
direct3d11 debug: Direct3D11 Open Succeeded
main debug: using vout display module "direct3d11"
direct3d11 debug: D3D11 pool succeed with 40 surfaces (1920x896) context 0x0df99048
main debug: original format sz 1920x816, of (0,0), vsz 1920x816, 4cc DX11, sar 1:1, msk r0x0 g0x0 b0x0
main debug: VoutDisplayEvent 'window state' 0
main debug: VoutDisplayEvent 'window state' 0
main debug: removing module "freetype"
main debug: looking for text renderer module matching "any": 3 candidates
freetype debug: Using DWrite backend
freetype debug: DWrite_GetFamily(): family name: Arial
freetype debug: DWrite_ParseFamily(): using font at index 0 with weight 400 for bold: 0, italic: 0
freetype debug: DWrite_ParseFamily(): using font at index 1 with weight 700 for bold: 1, italic: 0
freetype debug: DWrite_ParseFamily(): using font at index 2 with weight 400 for bold: 0, italic: 1
freetype debug: DWrite_ParseFamily(): using font at index 3 with weight 700 for bold: 1, italic: 1
main debug: VoutDisplayEvent 'resize' 1920x816
main debug: using text renderer module "freetype"
main debug: looking for hw decoder module matching "any": 2 candidates
d3d11va debug: Intel WDDM driver 20.19.15.4835
d3d11va debug: Reusing Direct3D11 device
d3d11va debug: CreateDevice succeed
d3d11va debug: - 'MPEG-2 variable-length decoder' is supported
d3d11va debug: - 'MPEG-2 inverse discrete cosine transform' is supported
d3d11va debug: - 'VC-1 variable-length decoder' is supported
d3d11va debug: - 'VC-1 variable-length decoder 2 (Intel)' is supported
d3d11va debug: - 'VC-1 variable-length decoder (Intel)' is supported
d3d11va debug: - 'Windows Media Video 9 IDCT' is supported
d3d11va debug: - 'VC-1 inverse discrete cosine transform' is supp